Flow report for pacman
Fri May 03 14:57:28 2019
Quartus Prime Version 18.0.0 Build 614 04/24/2018 SJ Lite Edition


---------------------
; Table of Contents ;
---------------------
  1. Legal Notice
  2. Flow Summary
  3. Flow Settings
  4. Flow Non-Default Global Settings
  5. Flow Elapsed Time
  6. Flow OS Summary
  7. Flow Log
  8. Flow Messages
  9. Flow Suppressed Messages



----------------
; Legal Notice ;
----------------
Copyright (C) 2018  Intel Corporation. All rights reserved.
Your use of Intel Corporation's design tools, logic functions 
and other software and tools, and its AMPP partner logic 
functions, and any output files from any of the foregoing 
(including device programming or simulation files), and any 
associated documentation or information are expressly subject 
to the terms and conditions of the Intel Program License 
Subscription Agreement, the Intel Quartus Prime License Agreement,
the Intel FPGA IP License Agreement, or other applicable license
agreement, including, without limitation, that your use is for
the sole purpose of programming logic devices manufactured by
Intel and sold by Intel or its authorized distributors.  Please
refer to the applicable agreement for further details.



+----------------------------------------------------------------------------------+
; Flow Summary                                                                     ;
+------------------------------------+---------------------------------------------+
; Flow Status                        ; Successful - Fri May 03 14:57:14 2019       ;
; Quartus Prime Version              ; 18.0.0 Build 614 04/24/2018 SJ Lite Edition ;
; Revision Name                      ; pacman                                      ;
; Top-level Entity Name              ; pacman_tp                                   ;
; Family                             ; Cyclone IV E                                ;
; Device                             ; EP4CE115F29C7                               ;
; Timing Models                      ; Final                                       ;
; Total logic elements               ; 25,217 / 114,480 ( 22 % )                   ;
;     Total combinational functions  ; 24,586 / 114,480 ( 21 % )                   ;
;     Dedicated logic registers      ; 2,738 / 114,480 ( 2 % )                     ;
; Total registers                    ; 2857                                        ;
; Total pins                         ; 206 / 529 ( 39 % )                          ;
; Total virtual pins                 ; 0                                           ;
; Total memory bits                  ; 11,392 / 3,981,312 ( < 1 % )                ;
; Embedded Multiplier 9-bit elements ; 0 / 532 ( 0 % )                             ;
; Total PLLs                         ; 2 / 4 ( 50 % )                              ;
+------------------------------------+---------------------------------------------+


+-----------------------------------------+
; Flow Settings                           ;
+-------------------+---------------------+
; Option            ; Setting             ;
+-------------------+---------------------+
; Start date & time ; 05/03/2019 14:51:57 ;
; Main task         ; Compilation         ;
; Revision Name     ; pacman              ;
+-------------------+---------------------+


+--------------------------------------------------------------------------------------------------------------------------------------------------------+
; Flow Non-Default Global Settings                                                                                                                       ;
+--------------------------------------+--------------------------------------------------------------+---------------+-----------------+----------------+
; Assignment Name                      ; Value                                                        ; Default Value ; Entity Name     ; Section Id     ;
+--------------------------------------+--------------------------------------------------------------+---------------+-----------------+----------------+
; COMPILER_SIGNATURE_ID                ; 273063036818291.155691311614472                              ; --            ; --              ; --             ;
; EDA_DESIGN_INSTANCE_NAME             ; NA                                                           ; --            ; --              ; testbench      ;
; EDA_NATIVELINK_SIMULATION_TEST_BENCH ; testbench                                                    ; --            ; --              ; eda_simulation ;
; EDA_OUTPUT_DATA_FORMAT               ; None                                                         ; --            ; --              ; eda_simulation ;
; EDA_TEST_BENCH_ENABLE_STATUS         ; TEST_BENCH_MODE                                              ; --            ; --              ; eda_simulation ;
; EDA_TEST_BENCH_FILE                  ; testbench.sv                                                 ; --            ; --              ; testbench      ;
; EDA_TEST_BENCH_MODULE_NAME           ; testbench                                                    ; --            ; --              ; testbench      ;
; EDA_TEST_BENCH_NAME                  ; testbench                                                    ; --            ; --              ; eda_simulation ;
; EDA_TEST_BENCH_RUN_SIM_FOR           ; 10000 ns                                                     ; --            ; --              ; testbench      ;
; ENABLE_SIGNALTAP                     ; On                                                           ; --            ; --              ; --             ;
; FLOW_ENABLE_POWER_ANALYZER           ; On                                                           ; Off           ; --              ; --             ;
; MAX_CORE_JUNCTION_TEMP               ; 85                                                           ; --            ; --              ; --             ;
; MIN_CORE_JUNCTION_TEMP               ; 0                                                            ; --            ; --              ; --             ;
; MISC_FILE                            ; pacman_soc/synthesis/../pacman_soc.cmp                       ; --            ; --              ; --             ;
; MISC_FILE                            ; pacman_soc/synthesis/../../pacman_soc.qsys                   ; --            ; --              ; --             ;
; MISC_FILE                            ; vga_clk.ppf                                                  ; --            ; --              ; --             ;
; PARTITION_COLOR                      ; -- (Not supported for targeted family)                       ; --            ; DE2_115_Default ; Top            ;
; PARTITION_COLOR                      ; -- (Not supported for targeted family)                       ; --            ; pacman_tp       ; Top            ;
; PARTITION_FITTER_PRESERVATION_LEVEL  ; -- (Not supported for targeted family)                       ; --            ; DE2_115_Default ; Top            ;
; PARTITION_FITTER_PRESERVATION_LEVEL  ; -- (Not supported for targeted family)                       ; --            ; pacman_tp       ; Top            ;
; PARTITION_NETLIST_TYPE               ; -- (Not supported for targeted family)                       ; --            ; DE2_115_Default ; Top            ;
; PARTITION_NETLIST_TYPE               ; -- (Not supported for targeted family)                       ; --            ; pacman_tp       ; Top            ;
; POWER_BOARD_THERMAL_MODEL            ; None (CONSERVATIVE)                                          ; --            ; --              ; --             ;
; POWER_DEFAULT_INPUT_IO_TOGGLE_RATE   ; 12.5 %                                                       ; 12.5%         ; --              ; --             ;
; POWER_PRESET_COOLING_SOLUTION        ; 23 MM HEAT SINK WITH 200 LFPM AIRFLOW                        ; --            ; --              ; --             ;
; SLD_FILE                             ; pacman_soc/synthesis/pacman_soc.regmap                       ; --            ; --              ; --             ;
; SLD_FILE                             ; pacman_soc/synthesis/pacman_soc.debuginfo                    ; --            ; --              ; --             ;
; SLD_INFO                             ; QSYS_NAME pacman_soc HAS_SOPCINFO 1 GENERATION_ID 1556775246 ; --            ; pacman_soc      ; --             ;
; SOPCINFO_FILE                        ; pacman_soc/synthesis/../../pacman_soc.sopcinfo               ; --            ; --              ; --             ;
; SYNTHESIS_ONLY_QIP                   ; On                                                           ; --            ; --              ; --             ;
; TOP_LEVEL_ENTITY                     ; pacman_tp                                                    ; pacman        ; --              ; --             ;
; USE_SIGNALTAP_FILE                   ; stp1.stp                                                     ; --            ; --              ; --             ;
+--------------------------------------+--------------------------------------------------------------+---------------+-----------------+----------------+


+--------------------------------------------------------------------------------------------------------------------------+
; Flow Elapsed Time                                                                                                        ;
+----------------------+--------------+-------------------------+---------------------+------------------------------------+
; Module Name          ; Elapsed Time ; Average Processors Used ; Peak Virtual Memory ; Total CPU Time (on all processors) ;
+----------------------+--------------+-------------------------+---------------------+------------------------------------+
; Analysis & Synthesis ; 00:02:26     ; 1.0                     ; 5096 MB             ; 00:02:55                           ;
; Fitter               ; 00:01:59     ; 1.0                     ; 5658 MB             ; 00:02:35                           ;
; Assembler            ; 00:00:06     ; 1.0                     ; 4769 MB             ; 00:00:06                           ;
; Power Analyzer       ; 00:00:31     ; 1.0                     ; 5031 MB             ; 00:00:32                           ;
; Timing Analyzer      ; 00:00:11     ; 1.1                     ; 4998 MB             ; 00:00:12                           ;
; Total                ; 00:05:13     ; --                      ; --                  ; 00:06:20                           ;
+----------------------+--------------+-------------------------+---------------------+------------------------------------+


+------------------------------------------------------------------------------------+
; Flow OS Summary                                                                    ;
+----------------------+------------------+------------+------------+----------------+
; Module Name          ; Machine Hostname ; OS Name    ; OS Version ; Processor type ;
+----------------------+------------------+------------+------------+----------------+
; Analysis & Synthesis ; AayushLaptop     ; Windows 10 ; 10.0       ; x86_64         ;
; Fitter               ; AayushLaptop     ; Windows 10 ; 10.0       ; x86_64         ;
; Assembler            ; AayushLaptop     ; Windows 10 ; 10.0       ; x86_64         ;
; Power Analyzer       ; AayushLaptop     ; Windows 10 ; 10.0       ; x86_64         ;
; Timing Analyzer      ; AayushLaptop     ; Windows 10 ; 10.0       ; x86_64         ;
+----------------------+------------------+------------+------------+----------------+


------------
; Flow Log ;
------------
quartus_map --read_settings_files=on --write_settings_files=off pacman -c pacman
quartus_fit --read_settings_files=off --write_settings_files=off pacman -c pacman
quartus_asm --read_settings_files=off --write_settings_files=off pacman -c pacman
quartus_pow --read_settings_files=off --write_settings_files=off pacman -c pacman
quartus_sta pacman -c pacman



